/data/xyth/A-unified-model-for-zero-shot-musical-source-separation-transcription-and-synthesis/dataset/hdf5s/Medley/Pn/EthanHein_GirlOnABridge_STEM_02.h5
/data/xyth/A-unified-model-for-zero-shot-musical-source-separation-transcription-and-synthesis/dataset/hdf5s/Medley/Pn/TheKitchenettes_Alive_STEM_05.h5
/data/xyth/A-unified-model-for-zero-shot-musical-source-separation-transcription-and-synthesis/dataset/hdf5s/Medley/Pn/StevenClark_Bounty_STEM_09.h5
/data/xyth/A-unified-model-for-zero-shot-musical-source-separation-transcription-and-synthesis/dataset/hdf5s/Medley/Pn/MusicDelta_CoolJazz_STEM_03.h5
/data/xyth/A-unified-model-for-zero-shot-musical-source-separation-transcription-and-synthesis/dataset/hdf5s/Medley/Pn/Lushlife_ToynbeeSuite_STEM_23.h5
/data/xyth/A-unified-model-for-zero-shot-musical-source-separation-transcription-and-synthesis/dataset/hdf5s/Medley/Pn/MatthewEntwistle_DontYouEver_STEM_02.h5
/data/xyth/A-unified-model-for-zero-shot-musical-source-separation-transcription-and-synthesis/dataset/hdf5s/Medley/Pn/SweetLights_YouLetMeDown_STEM_09.h5
/data/xyth/A-unified-model-for-zero-shot-musical-source-separation-transcription-and-synthesis/dataset/hdf5s/Medley/Pn/MusicDelta_ModalJazz_STEM_03.h5
/data/xyth/A-unified-model-for-zero-shot-musical-source-separation-transcription-and-synthesis/dataset/hdf5s/Medley/Pn/AimeeNorwich_Child_STEM_06.h5
/data/xyth/A-unified-model-for-zero-shot-musical-source-separation-transcription-and-synthesis/dataset/hdf5s/Medley/Pn/Grants_PunchDrunk_STEM_09.h5
/data/xyth/A-unified-model-for-zero-shot-musical-source-separation-transcription-and-synthesis/dataset/hdf5s/Medley/Pn/SlowGhost_Peanut_STEM_03.h5
/data/xyth/A-unified-model-for-zero-shot-musical-source-separation-transcription-and-synthesis/dataset/hdf5s/Medley/Pn/HeladoNegro_MitadDelMundo_STEM_10.h5
/data/xyth/A-unified-model-for-zero-shot-musical-source-separation-transcription-and-synthesis/dataset/hdf5s/Medley/Pn/Snowmine_Curfews_STEM_11.h5
/data/xyth/A-unified-model-for-zero-shot-musical-source-separation-transcription-and-synthesis/dataset/hdf5s/Medley/Pn/MatthewEntwistle_TheArch_STEM_18.h5
/data/xyth/A-unified-model-for-zero-shot-musical-source-separation-transcription-and-synthesis/dataset/hdf5s/Medley/Pn/PeterMatthewBauer_YouAlwaysLookForSomeoneLost_STEM_03.h5
/data/xyth/A-unified-model-for-zero-shot-musical-source-separation-transcription-and-synthesis/dataset/hdf5s/Medley/Pn/KarimDouaidy_Yatora_STEM_05.h5
/data/xyth/A-unified-model-for-zero-shot-musical-source-separation-transcription-and-synthesis/dataset/hdf5s/Medley/Pn/BrandonWebster_YesSirICanFly_STEM_01.h5
/data/xyth/A-unified-model-for-zero-shot-musical-source-separation-transcription-and-synthesis/dataset/hdf5s/Medley/Pn/SlowGhost_MidnightGroove_STEM_03.h5
/data/xyth/A-unified-model-for-zero-shot-musical-source-separation-transcription-and-synthesis/dataset/hdf5s/Medley/Pn/MatthewEntwistle_TheFlaxenField_STEM_03.h5
/data/xyth/A-unified-model-for-zero-shot-musical-source-separation-transcription-and-synthesis/dataset/hdf5s/Medley/Pn/AimeeNorwich_Flying_STEM_09.h5
/data/xyth/A-unified-model-for-zero-shot-musical-source-separation-transcription-and-synthesis/dataset/hdf5s/Medley/Pn/ClaraBerryAndWooldog_Stella_STEM_05.h5
/data/xyth/A-unified-model-for-zero-shot-musical-source-separation-transcription-and-synthesis/dataset/hdf5s/Medley/Pn/ClaraBerryAndWooldog_WaltzForMyVictims_STEM_03.h5
/data/xyth/A-unified-model-for-zero-shot-musical-source-separation-transcription-and-synthesis/dataset/hdf5s/Medley/Pn/SecretMountains_HighHorse_STEM_07.h5
/data/xyth/A-unified-model-for-zero-shot-musical-source-separation-transcription-and-synthesis/dataset/hdf5s/Medley/Pn/SlowGhost_YoureAMystery_STEM_01.h5
/data/xyth/A-unified-model-for-zero-shot-musical-source-separation-transcription-and-synthesis/dataset/hdf5s/Medley/Pn/ClaraBerryAndWooldog_AirTraffic_STEM_06.h5
/data/xyth/A-unified-model-for-zero-shot-musical-source-separation-transcription-and-synthesis/dataset/hdf5s/Medley/Pn/MutualBenefit_NotForNothing_STEM_10.h5
/data/xyth/A-unified-model-for-zero-shot-musical-source-separation-transcription-and-synthesis/dataset/hdf5s/Medley/Pn/PortStWillow_StayEven_STEM_09.h5
/data/xyth/A-unified-model-for-zero-shot-musical-source-separation-transcription-and-synthesis/dataset/hdf5s/Medley/Pn/MidnightBlue_HuntingSeason_STEM_08.h5
/data/xyth/A-unified-model-for-zero-shot-musical-source-separation-transcription-and-synthesis/dataset/hdf5s/Medley/Pn/StrandOfOaks_Spacestation_STEM_06.h5
/data/xyth/A-unified-model-for-zero-shot-musical-source-separation-transcription-and-synthesis/dataset/hdf5s/Medley/Pn/StrandOfOaks_Spacestation_STEM_08.h5
/data/xyth/A-unified-model-for-zero-shot-musical-source-separation-transcription-and-synthesis/dataset/hdf5s/Medley/Pn/MusicDelta_SwingJazz_STEM_03.h5
/data/xyth/A-unified-model-for-zero-shot-musical-source-separation-transcription-and-synthesis/dataset/hdf5s/Medley/Pn/InvisibleFamiliars_DisturbingWildlife_STEM_10.h5
/data/xyth/A-unified-model-for-zero-shot-musical-source-separation-transcription-and-synthesis/dataset/hdf5s/Medley/Pn/BarefootSisters_RedJetta_STEM_03.h5
/data/xyth/A-unified-model-for-zero-shot-musical-source-separation-transcription-and-synthesis/dataset/hdf5s/Medley/Pn/MatthewEntwistle_AnEveningWithOliver_STEM_11.h5
/data/xyth/A-unified-model-for-zero-shot-musical-source-separation-transcription-and-synthesis/dataset/hdf5s/Medley/Pn/SlowGhost_FirstSnow_STEM_03.h5
/data/xyth/A-unified-model-for-zero-shot-musical-source-separation-transcription-and-synthesis/dataset/hdf5s/Medley/Pn/MusicDelta_FusionJazz_STEM_03.h5
