/Users/logickino/Downloads/Medley_DB/Medley/HopAlong_SisterCities/HopAlong_SisterCities_STEMS/HopAlong_SisterCities_STEM_01.wav
/Users/logickino/Downloads/Medley_DB/Medley/TablaBreakbeatScience_Vger/TablaBreakbeatScience_Vger_STEMS/TablaBreakbeatScience_Vger_STEM_06.wav
/Users/logickino/Downloads/Medley_DB/Medley/AlexanderRoss_VelvetCurtain/AlexanderRoss_VelvetCurtain_STEMS/AlexanderRoss_VelvetCurtain_STEM_02.wav
/Users/logickino/Downloads/Medley_DB/Medley/TheTonTons_Lush/TheTonTons_Lush_STEMS/TheTonTons_Lush_STEM_06.wav
/Users/logickino/Downloads/Medley_DB/Medley/Creepoid_OldTree/Creepoid_OldTree_STEMS/Creepoid_OldTree_STEM_05.wav
/Users/logickino/Downloads/Medley_DB/Medley/MutualBenefit_NotForNothing/MutualBenefit_NotForNothing_STEMS/MutualBenefit_NotForNothing_STEM_07.wav
/Users/logickino/Downloads/Medley_DB/Medley/Plasma_GoodShout/Plasma_GoodShout_STEMS/Plasma_GoodShout_STEM_02.wav
/Users/logickino/Downloads/Medley_DB/Medley/Torres_NewSkin/Torres_NewSkin_STEMS/Torres_NewSkin_STEM_09.wav
/Users/logickino/Downloads/Medley_DB/Medley/ClaraBerryAndWooldog_AirTraffic/ClaraBerryAndWooldog_AirTraffic_STEMS/ClaraBerryAndWooldog_AirTraffic_STEM_04.wav
/Users/logickino/Downloads/Medley_DB/Medley/InvisibleFamiliars_DisturbingWildlife/InvisibleFamiliars_DisturbingWildlife_STEMS/InvisibleFamiliars_DisturbingWildlife_STEM_05.wav
/Users/logickino/Downloads/Medley_DB/Medley/AClassicEducation_NightOwl/AClassicEducation_NightOwl_STEMS/AClassicEducation_NightOwl_STEM_06.wav
/Users/logickino/Downloads/Medley_DB/Medley/Torres_NewSkin/Torres_NewSkin_STEMS/Torres_NewSkin_STEM_01.wav
/Users/logickino/Downloads/Medley_DB/Medley/TrevorAndTheSoundwaves_AloneAndSad/TrevorAndTheSoundwaves_AloneAndSad_STEMS/TrevorAndTheSoundwaves_AloneAndSad_STEM_03.wav
/Users/logickino/Downloads/Medley_DB/Medley/TheDistricts_Vermont/TheDistricts_Vermont_STEMS/TheDistricts_Vermont_STEM_06.wav
/Users/logickino/Downloads/Medley_DB/Medley/AimeeNorwich_Child/AimeeNorwich_Child_STEMS/AimeeNorwich_Child_STEM_03.wav
/Users/logickino/Downloads/Medley_DB/Medley/AClassicEducation_NightOwl/AClassicEducation_NightOwl_STEMS/AClassicEducation_NightOwl_STEM_07.wav
/Users/logickino/Downloads/Medley_DB/Medley/MusicDelta_Britpop/MusicDelta_Britpop_STEMS/MusicDelta_Britpop_STEM_04.wav
/Users/logickino/Downloads/Medley_DB/Medley/TablaBreakbeatScience_Animoog/TablaBreakbeatScience_Animoog_STEMS/TablaBreakbeatScience_Animoog_STEM_03.wav
/Users/logickino/Downloads/Medley_DB/Medley/FacesOnFilm_WaitingForGa/FacesOnFilm_WaitingForGa_STEMS/FacesOnFilm_WaitingForGa_STEM_05.wav
/Users/logickino/Downloads/Medley_DB/Medley/AvaLuna_Waterduct/AvaLuna_Waterduct_STEMS/AvaLuna_Waterduct_STEM_05.wav
/Users/logickino/Downloads/Medley_DB/Medley/AlexanderRoss_VelvetCurtain/AlexanderRoss_VelvetCurtain_STEMS/AlexanderRoss_VelvetCurtain_STEM_01.wav
/Users/logickino/Downloads/Medley_DB/Medley/PortStWillow_StayEven/PortStWillow_StayEven_STEMS/PortStWillow_StayEven_STEM_05.wav
/Users/logickino/Downloads/Medley_DB/Medley/MusicDelta_Britpop/MusicDelta_Britpop_STEMS/MusicDelta_Britpop_STEM_06.wav
/Users/logickino/Downloads/Medley_DB/Medley/FilthyBird_IdLikeToKnow/FilthyBird_IdLikeToKnow_STEMS/FilthyBird_IdLikeToKnow_STEM_01.wav
/Users/logickino/Downloads/Medley_DB/Medley/TheScarletBrand_LesFleursDuMal/TheScarletBrand_LesFleursDuMal_STEMS/TheScarletBrand_LesFleursDuMal_STEM_03.wav
/Users/logickino/Downloads/Medley_DB/Medley/MidnightBlue_HuntingSeason/MidnightBlue_HuntingSeason_STEMS/MidnightBlue_HuntingSeason_STEM_03.wav
/Users/logickino/Downloads/Medley_DB/Medley/HezekiahJones_BorrowedHeart/HezekiahJones_BorrowedHeart_STEMS/HezekiahJones_BorrowedHeart_STEM_01.wav
/Users/logickino/Downloads/Medley_DB/Medley/Meaxic_TakeAStep/Meaxic_TakeAStep_STEMS/Meaxic_TakeAStep_STEM_02.wav
/Users/logickino/Downloads/Medley_DB/Medley/FruitCathedral_KeepMeRunnin/FruitCathedral_KeepMeRunnin_STEMS/FruitCathedral_KeepMeRunnin_STEM_02.wav
/Users/logickino/Downloads/Medley_DB/Medley/BigTroubles_Phantom/BigTroubles_Phantom_STEMS/BigTroubles_Phantom_STEM_07.wav
/Users/logickino/Downloads/Medley_DB/Medley/FacesOnFilm_WaitingForGa/FacesOnFilm_WaitingForGa_STEMS/FacesOnFilm_WaitingForGa_STEM_06.wav
/Users/logickino/Downloads/Medley_DB/Medley/MusicDelta_Reggae/MusicDelta_Reggae_STEMS/MusicDelta_Reggae_STEM_03.wav
/Users/logickino/Downloads/Medley_DB/Medley/StevenClark_Bounty/StevenClark_Bounty_STEMS/StevenClark_Bounty_STEM_01.wav
/Users/logickino/Downloads/Medley_DB/Medley/TheTonTons_Lush/TheTonTons_Lush_STEMS/TheTonTons_Lush_STEM_03.wav
/Users/logickino/Downloads/Medley_DB/Medley/TheKitchenettes_Alive/TheKitchenettes_Alive_STEMS/TheKitchenettes_Alive_STEM_06.wav
/Users/logickino/Downloads/Medley_DB/Medley/MusicDelta_Beatles/MusicDelta_Beatles_STEMS/MusicDelta_Beatles_STEM_05.wav
/Users/logickino/Downloads/Medley_DB/Medley/Cayetana_MissThing/Cayetana_MissThing_STEMS/Cayetana_MissThing_STEM_03.wav
/Users/logickino/Downloads/Medley_DB/Medley/AmarLal_SpringDay1/AmarLal_SpringDay1_STEMS/AmarLal_SpringDay1_STEM_01.wav
/Users/logickino/Downloads/Medley_DB/Medley/HopAlong_SisterCities/HopAlong_SisterCities_STEMS/HopAlong_SisterCities_STEM_06.wav
/Users/logickino/Downloads/Medley_DB/Medley/Plasma_GoodShout/Plasma_GoodShout_STEMS/Plasma_GoodShout_STEM_03.wav
/Users/logickino/Downloads/Medley_DB/Medley/MusicDelta_Hendrix/MusicDelta_Hendrix_STEMS/MusicDelta_Hendrix_STEM_03.wav
/Users/logickino/Downloads/Medley_DB/Medley/Auctioneer_OurFutureFaces/Auctioneer_OurFutureFaces_STEMS/Auctioneer_OurFutureFaces_STEM_05.wav
/Users/logickino/Downloads/Medley_DB/Medley/CelestialShore_DieForUs/CelestialShore_DieForUs_STEMS/CelestialShore_DieForUs_STEM_08.wav
/Users/logickino/Downloads/Medley_DB/Medley/Meaxic_YouListen/Meaxic_YouListen_STEMS/Meaxic_YouListen_STEM_05.wav
/Users/logickino/Downloads/Medley_DB/Medley/Plasma_GoodShout/Plasma_GoodShout_STEMS/Plasma_GoodShout_STEM_05.wav
/Users/logickino/Downloads/Medley_DB/Medley/MusicDelta_Disco/MusicDelta_Disco_STEMS/MusicDelta_Disco_STEM_03.wav
/Users/logickino/Downloads/Medley_DB/Medley/Lushlife_ToynbeeSuite/Lushlife_ToynbeeSuite_STEMS/Lushlife_ToynbeeSuite_STEM_11.wav
/Users/logickino/Downloads/Medley_DB/Medley/MusicDelta_SpeedMetal/MusicDelta_SpeedMetal_STEMS/MusicDelta_SpeedMetal_STEM_03.wav
/Users/logickino/Downloads/Medley_DB/Medley/MutualBenefit_NotForNothing/MutualBenefit_NotForNothing_STEMS/MutualBenefit_NotForNothing_STEM_09.wav
/Users/logickino/Downloads/Medley_DB/Medley/MusicDelta_Gospel/MusicDelta_Gospel_STEMS/MusicDelta_Gospel_STEM_04.wav
/Users/logickino/Downloads/Medley_DB/Medley/PortStWillow_StayEven/PortStWillow_StayEven_STEMS/PortStWillow_StayEven_STEM_07.wav
/Users/logickino/Downloads/Medley_DB/Medley/DeadMilkmen_PrisonersCinema/DeadMilkmen_PrisonersCinema_STEMS/DeadMilkmen_PrisonersCinema_STEM_09.wav
/Users/logickino/Downloads/Medley_DB/Medley/MusicDelta_Zeppelin/MusicDelta_Zeppelin_STEMS/MusicDelta_Zeppelin_STEM_04.wav
/Users/logickino/Downloads/Medley_DB/Medley/MusicDelta_Shadows/MusicDelta_Shadows_STEMS/MusicDelta_Shadows_STEM_04.wav
/Users/logickino/Downloads/Medley_DB/Medley/MusicDelta_Shadows/MusicDelta_Shadows_STEMS/MusicDelta_Shadows_STEM_03.wav
/Users/logickino/Downloads/Medley_DB/Medley/CassandraJenkins_PerfectDay/CassandraJenkins_PerfectDay_STEMS/CassandraJenkins_PerfectDay_STEM_08.wav
/Users/logickino/Downloads/Medley_DB/Medley/MusicDelta_Grunge/MusicDelta_Grunge_STEMS/MusicDelta_Grunge_STEM_04.wav
/Users/logickino/Downloads/Medley_DB/Medley/TheSoSoGlos_Emergency/TheSoSoGlos_Emergency_STEMS/TheSoSoGlos_Emergency_STEM_09.wav
/Users/logickino/Downloads/Medley_DB/Medley/BigTroubles_Phantom/BigTroubles_Phantom_STEMS/BigTroubles_Phantom_STEM_03.wav
/Users/logickino/Downloads/Medley_DB/Medley/AimeeNorwich_Child/AimeeNorwich_Child_STEMS/AimeeNorwich_Child_STEM_07.wav
/Users/logickino/Downloads/Medley_DB/Medley/Lushlife_ToynbeeSuite/Lushlife_ToynbeeSuite_STEMS/Lushlife_ToynbeeSuite_STEM_10.wav
/Users/logickino/Downloads/Medley_DB/Medley/AlexanderRoss_GoodbyeBolero/AlexanderRoss_GoodbyeBolero_STEMS/AlexanderRoss_GoodbyeBolero_STEM_02.wav
/Users/logickino/Downloads/Medley_DB/Medley/MusicDelta_Country1/MusicDelta_Country1_STEMS/MusicDelta_Country1_STEM_03.wav
/Users/logickino/Downloads/Medley_DB/Medley/Torres_NewSkin/Torres_NewSkin_STEMS/Torres_NewSkin_STEM_04.wav
/Users/logickino/Downloads/Medley_DB/Medley/CassandraJenkins_PerfectDay/CassandraJenkins_PerfectDay_STEMS/CassandraJenkins_PerfectDay_STEM_06.wav
/Users/logickino/Downloads/Medley_DB/Medley/MusicDelta_Rockabilly/MusicDelta_Rockabilly_STEMS/MusicDelta_Rockabilly_STEM_03.wav
/Users/logickino/Downloads/Medley_DB/Medley/MusicDelta_Zeppelin/MusicDelta_Zeppelin_STEMS/MusicDelta_Zeppelin_STEM_03.wav
/Users/logickino/Downloads/Medley_DB/Medley/PeterMatthewBauer_YouAlwaysLookForSomeoneLost/PeterMatthewBauer_YouAlwaysLookForSomeoneLost_STEMS/PeterMatthewBauer_YouAlwaysLookForSomeoneLost_STEM_01.wav
/Users/logickino/Downloads/Medley_DB/Medley/AlexanderRoss_GoodbyeBolero/AlexanderRoss_GoodbyeBolero_STEMS/AlexanderRoss_GoodbyeBolero_STEM_03.wav
/Users/logickino/Downloads/Medley_DB/Medley/BarefootSisters_RedJetta/BarefootSisters_RedJetta_STEMS/BarefootSisters_RedJetta_STEM_02.wav
/Users/logickino/Downloads/Medley_DB/Medley/MusicDelta_Country1/MusicDelta_Country1_STEMS/MusicDelta_Country1_STEM_04.wav
/Users/logickino/Downloads/Medley_DB/Medley/EthanHein_GirlOnABridge/EthanHein_GirlOnABridge_STEMS/EthanHein_GirlOnABridge_STEM_05.wav
/Users/logickino/Downloads/Medley_DB/Medley/TheTonTons_Lush/TheTonTons_Lush_STEMS/TheTonTons_Lush_STEM_05.wav
/Users/logickino/Downloads/Medley_DB/Medley/MusicDelta_80sRock/MusicDelta_80sRock_STEMS/MusicDelta_80sRock_STEM_03.wav
/Users/logickino/Downloads/Medley_DB/Medley/TheScarletBrand_LesFleursDuMal/TheScarletBrand_LesFleursDuMal_STEMS/TheScarletBrand_LesFleursDuMal_STEM_04.wav
/Users/logickino/Downloads/Medley_DB/Medley/MusicDelta_Beatles/MusicDelta_Beatles_STEMS/MusicDelta_Beatles_STEM_04.wav
/Users/logickino/Downloads/Medley_DB/Medley/PortStWillow_StayEven/PortStWillow_StayEven_STEMS/PortStWillow_StayEven_STEM_06.wav
/Users/logickino/Downloads/Medley_DB/Medley/Meaxic_YouListen/Meaxic_YouListen_STEMS/Meaxic_YouListen_STEM_06.wav
/Users/logickino/Downloads/Medley_DB/Medley/AClassicEducation_NightOwl/AClassicEducation_NightOwl_STEMS/AClassicEducation_NightOwl_STEM_04.wav
/Users/logickino/Downloads/Medley_DB/Medley/AClassicEducation_NightOwl/AClassicEducation_NightOwl_STEMS/AClassicEducation_NightOwl_STEM_03.wav
/Users/logickino/Downloads/Medley_DB/Medley/TheKitchenettes_Alive/TheKitchenettes_Alive_STEMS/TheKitchenettes_Alive_STEM_02.wav
/Users/logickino/Downloads/Medley_DB/Medley/LittleTybee_TheAlchemist/LittleTybee_TheAlchemist_STEMS/LittleTybee_TheAlchemist_STEM_01.wav
/Users/logickino/Downloads/Medley_DB/Medley/FilthyBird_IdLikeToKnow/FilthyBird_IdLikeToKnow_STEMS/FilthyBird_IdLikeToKnow_STEM_04.wav
/Users/logickino/Downloads/Medley_DB/Medley/MusicDelta_Country2/MusicDelta_Country2_STEMS/MusicDelta_Country2_STEM_04.wav
/Users/logickino/Downloads/Medley_DB/Medley/FilthyBird_IdLikeToKnow/FilthyBird_IdLikeToKnow_STEMS/FilthyBird_IdLikeToKnow_STEM_06.wav
/Users/logickino/Downloads/Medley_DB/Medley/HopAlong_SisterCities/HopAlong_SisterCities_STEMS/HopAlong_SisterCities_STEM_08.wav
/Users/logickino/Downloads/Medley_DB/Medley/AimeeNorwich_Flying/AimeeNorwich_Flying_STEMS/AimeeNorwich_Flying_STEM_04.wav
/Users/logickino/Downloads/Medley_DB/Medley/LizNelson_Rainfall/LizNelson_Rainfall_STEMS/LizNelson_Rainfall_STEM_05.wav
/Users/logickino/Downloads/Medley_DB/Medley/LittleTybee_TheAlchemist/LittleTybee_TheAlchemist_STEMS/LittleTybee_TheAlchemist_STEM_02.wav
/Users/logickino/Downloads/Medley_DB/Medley/KarimDouaidy_Hopscotch/KarimDouaidy_Hopscotch_STEMS/KarimDouaidy_Hopscotch_STEM_06.wav
/Users/logickino/Downloads/Medley_DB/Medley/MusicDelta_Beatles/MusicDelta_Beatles_STEMS/MusicDelta_Beatles_STEM_06.wav
/Users/logickino/Downloads/Medley_DB/Medley/TheSoSoGlos_Emergency/TheSoSoGlos_Emergency_STEMS/TheSoSoGlos_Emergency_STEM_04.wav
/Users/logickino/Downloads/Medley_DB/Medley/AmarLal_Rest/AmarLal_Rest_STEMS/AmarLal_Rest_STEM_01.wav
/Users/logickino/Downloads/Medley_DB/Medley/AlexanderRoss_VelvetCurtain/AlexanderRoss_VelvetCurtain_STEMS/AlexanderRoss_VelvetCurtain_STEM_03.wav
/Users/logickino/Downloads/Medley_DB/Medley/Torres_NewSkin/Torres_NewSkin_STEMS/Torres_NewSkin_STEM_08.wav
/Users/logickino/Downloads/Medley_DB/Medley/LittleTybee_TheAlchemist/LittleTybee_TheAlchemist_STEMS/LittleTybee_TheAlchemist_STEM_04.wav
/Users/logickino/Downloads/Medley_DB/Medley/BigTroubles_Phantom/BigTroubles_Phantom_STEMS/BigTroubles_Phantom_STEM_05.wav
/Users/logickino/Downloads/Medley_DB/Medley/TheTonTons_Lush/TheTonTons_Lush_STEMS/TheTonTons_Lush_STEM_11.wav
/Users/logickino/Downloads/Medley_DB/Medley/Meaxic_TakeAStep/Meaxic_TakeAStep_STEMS/Meaxic_TakeAStep_STEM_03.wav
/Users/logickino/Downloads/Medley_DB/Medley/LittleTybee_TheAlchemist/LittleTybee_TheAlchemist_STEMS/LittleTybee_TheAlchemist_STEM_08.wav
/Users/logickino/Downloads/Medley_DB/Medley/AlexanderRoss_GoodbyeBolero/AlexanderRoss_GoodbyeBolero_STEMS/AlexanderRoss_GoodbyeBolero_STEM_01.wav
/Users/logickino/Downloads/Medley_DB/Medley/CelestialShore_DieForUs/CelestialShore_DieForUs_STEMS/CelestialShore_DieForUs_STEM_05.wav
/Users/logickino/Downloads/Medley_DB/Medley/TheTonTons_Lush/TheTonTons_Lush_STEMS/TheTonTons_Lush_STEM_08.wav
/Users/logickino/Downloads/Medley_DB/Medley/TheScarletBrand_LesFleursDuMal/TheScarletBrand_LesFleursDuMal_STEMS/TheScarletBrand_LesFleursDuMal_STEM_05.wav
/Users/logickino/Downloads/Medley_DB/Medley/MusicDelta_SpeedMetal/MusicDelta_SpeedMetal_STEMS/MusicDelta_SpeedMetal_STEM_04.wav
/Users/logickino/Downloads/Medley_DB/Medley/MidnightBlue_HuntingSeason/MidnightBlue_HuntingSeason_STEMS/MidnightBlue_HuntingSeason_STEM_07.wav
/Users/logickino/Downloads/Medley_DB/Medley/LittleTybee_TheAlchemist/LittleTybee_TheAlchemist_STEMS/LittleTybee_TheAlchemist_STEM_05.wav
/Users/logickino/Downloads/Medley_DB/Medley/MusicDelta_Rockabilly/MusicDelta_Rockabilly_STEMS/MusicDelta_Rockabilly_STEM_04.wav
/Users/logickino/Downloads/Medley_DB/Medley/KarimDouaidy_Hopscotch/KarimDouaidy_Hopscotch_STEMS/KarimDouaidy_Hopscotch_STEM_02.wav
/Users/logickino/Downloads/Medley_DB/Medley/FilthyBird_IdLikeToKnow/FilthyBird_IdLikeToKnow_STEMS/FilthyBird_IdLikeToKnow_STEM_07.wav
/Users/logickino/Downloads/Medley_DB/Medley/LizNelson_Rainfall/LizNelson_Rainfall_STEMS/LizNelson_Rainfall_STEM_04.wav
/Users/logickino/Downloads/Medley_DB/Medley/LizNelson_Coldwar/LizNelson_Coldwar_STEMS/LizNelson_Coldwar_STEM_01.wav
/Users/logickino/Downloads/Medley_DB/Medley/FilthyBird_IdLikeToKnow/FilthyBird_IdLikeToKnow_STEMS/FilthyBird_IdLikeToKnow_STEM_10.wav
/Users/logickino/Downloads/Medley_DB/Medley/MidnightBlue_HuntingSeason/MidnightBlue_HuntingSeason_STEMS/MidnightBlue_HuntingSeason_STEM_04.wav
/Users/logickino/Downloads/Medley_DB/Medley/Meaxic_YouListen/Meaxic_YouListen_STEMS/Meaxic_YouListen_STEM_03.wav
/Users/logickino/Downloads/Medley_DB/Medley/FacesOnFilm_WaitingForGa/FacesOnFilm_WaitingForGa_STEMS/FacesOnFilm_WaitingForGa_STEM_01.wav
/Users/logickino/Downloads/Medley_DB/Medley/DeadMilkmen_PrisonersCinema/DeadMilkmen_PrisonersCinema_STEMS/DeadMilkmen_PrisonersCinema_STEM_10.wav
/Users/logickino/Downloads/Medley_DB/Medley/AimeeNorwich_Flying/AimeeNorwich_Flying_STEMS/AimeeNorwich_Flying_STEM_05.wav
