/Users/logickino/Downloads/Medley_DB/Medley/BarefootSisters_RedJetta/BarefootSisters_RedJetta_STEMS/BarefootSisters_RedJetta_STEM_02.wav
/Users/logickino/Downloads/Medley_DB/Medley/AlexanderRoss_VelvetCurtain/AlexanderRoss_VelvetCurtain_STEMS/AlexanderRoss_VelvetCurtain_STEM_01.wav
/Users/logickino/Downloads/Medley_DB/Medley/Meaxic_YouListen/Meaxic_YouListen_STEMS/Meaxic_YouListen_STEM_03.wav
/Users/logickino/Downloads/Medley_DB/Medley/CassandraJenkins_PerfectDay/CassandraJenkins_PerfectDay_STEMS/CassandraJenkins_PerfectDay_STEM_06.wav
/Users/logickino/Downloads/Medley_DB/Medley/MusicDelta_Beatles/MusicDelta_Beatles_STEMS/MusicDelta_Beatles_STEM_05.wav
/Users/logickino/Downloads/Medley_DB/Medley/AmarLal_SpringDay1/AmarLal_SpringDay1_STEMS/AmarLal_SpringDay1_STEM_01.wav
/Users/logickino/Downloads/Medley_DB/Medley/KarimDouaidy_Yatora/KarimDouaidy_Yatora_STEMS/KarimDouaidy_Yatora_STEM_02.wav
/Users/logickino/Downloads/Medley_DB/Medley/PeterMatthewBauer_YouAlwaysLookForSomeoneLost/PeterMatthewBauer_YouAlwaysLookForSomeoneLost_STEMS/PeterMatthewBauer_YouAlwaysLookForSomeoneLost_STEM_01.wav
/Users/logickino/Downloads/Medley_DB/Medley/MutualBenefit_NotForNothing/MutualBenefit_NotForNothing_STEMS/MutualBenefit_NotForNothing_STEM_07.wav
/Users/logickino/Downloads/Medley_DB/Medley/MutualBenefit_NotForNothing/MutualBenefit_NotForNothing_STEMS/MutualBenefit_NotForNothing_STEM_09.wav
/Users/logickino/Downloads/Medley_DB/Medley/FruitCathedral_KeepMeRunnin/FruitCathedral_KeepMeRunnin_STEMS/FruitCathedral_KeepMeRunnin_STEM_03.wav
/Users/logickino/Downloads/Medley_DB/Medley/HezekiahJones_BorrowedHeart/HezekiahJones_BorrowedHeart_STEMS/HezekiahJones_BorrowedHeart_STEM_01.wav
/Users/logickino/Downloads/Medley_DB/Medley/AimeeNorwich_Child/AimeeNorwich_Child_STEMS/AimeeNorwich_Child_STEM_07.wav
/Users/logickino/Downloads/Medley_DB/Medley/FilthyBird_IdLikeToKnow/FilthyBird_IdLikeToKnow_STEMS/FilthyBird_IdLikeToKnow_STEM_01.wav
/Users/logickino/Downloads/Medley_DB/Medley/CassandraJenkins_PerfectDay/CassandraJenkins_PerfectDay_STEMS/CassandraJenkins_PerfectDay_STEM_08.wav
/Users/logickino/Downloads/Medley_DB/Medley/TheSoSoGlos_Emergency/TheSoSoGlos_Emergency_STEMS/TheSoSoGlos_Emergency_STEM_09.wav
/Users/logickino/Downloads/Medley_DB/Medley/LizNelson_Coldwar/LizNelson_Coldwar_STEMS/LizNelson_Coldwar_STEM_01.wav
/Users/logickino/Downloads/Medley_DB/Medley/MusicDelta_Country1/MusicDelta_Country1_STEMS/MusicDelta_Country1_STEM_04.wav
/Users/logickino/Downloads/Medley_DB/Medley/DeadMilkmen_PrisonersCinema/DeadMilkmen_PrisonersCinema_STEMS/DeadMilkmen_PrisonersCinema_STEM_01.wav
/Users/logickino/Downloads/Medley_DB/Medley/SweetLights_YouLetMeDown/SweetLights_YouLetMeDown_STEMS/SweetLights_YouLetMeDown_STEM_01.wav
/Users/logickino/Downloads/Medley_DB/Medley/TheKitchenettes_Alive/TheKitchenettes_Alive_STEMS/TheKitchenettes_Alive_STEM_02.wav
/Users/logickino/Downloads/Medley_DB/Medley/MutualBenefit_NotForNothing/MutualBenefit_NotForNothing_STEMS/MutualBenefit_NotForNothing_STEM_04.wav
/Users/logickino/Downloads/Medley_DB/Medley/AlexanderRoss_GoodbyeBolero/AlexanderRoss_GoodbyeBolero_STEMS/AlexanderRoss_GoodbyeBolero_STEM_01.wav
