/data/xyth/A-unified-model-for-zero-shot-musical-source-separation-transcription-and-synthesis/dataset/hdf5s/Medley/SynFX/TablaBreakbeatScience_Scorpio_STEM_05.h5
/data/xyth/A-unified-model-for-zero-shot-musical-source-separation-transcription-and-synthesis/dataset/hdf5s/Medley/SynFX/NightPanther_Fire_STEM_12.h5
/data/xyth/A-unified-model-for-zero-shot-musical-source-separation-transcription-and-synthesis/dataset/hdf5s/Medley/SynFX/TablaBreakbeatScience_MiloVsMongo_STEM_07.h5
/data/xyth/A-unified-model-for-zero-shot-musical-source-separation-transcription-and-synthesis/dataset/hdf5s/Medley/SynFX/MatthewEntwistle_ImpressionsOfSaturn_STEM_05.h5
/data/xyth/A-unified-model-for-zero-shot-musical-source-separation-transcription-and-synthesis/dataset/hdf5s/Medley/SynFX/Lushlife_ToynbeeSuite_STEM_21.h5
/data/xyth/A-unified-model-for-zero-shot-musical-source-separation-transcription-and-synthesis/dataset/hdf5s/Medley/SynFX/Lushlife_ToynbeeSuite_STEM_19.h5
/data/xyth/A-unified-model-for-zero-shot-musical-source-separation-transcription-and-synthesis/dataset/hdf5s/Medley/SynFX/TablaBreakbeatScience_MoodyPlucks_STEM_07.h5
/data/xyth/A-unified-model-for-zero-shot-musical-source-separation-transcription-and-synthesis/dataset/hdf5s/Medley/SynFX/EthanHein_HarmonicaFigure_STEM_03.h5
/data/xyth/A-unified-model-for-zero-shot-musical-source-separation-transcription-and-synthesis/dataset/hdf5s/Medley/SynFX/MatthewEntwistle_ImpressionsOfSaturn_STEM_04.h5
/data/xyth/A-unified-model-for-zero-shot-musical-source-separation-transcription-and-synthesis/dataset/hdf5s/Medley/SynFX/TablaBreakbeatScience_Vger_STEM_03.h5
/data/xyth/A-unified-model-for-zero-shot-musical-source-separation-transcription-and-synthesis/dataset/hdf5s/Medley/SynFX/TheDistricts_Vermont_STEM_04.h5
/data/xyth/A-unified-model-for-zero-shot-musical-source-separation-transcription-and-synthesis/dataset/hdf5s/Medley/SynFX/EthanHein_1930sSynthAndUprightBass_STEM_02.h5
/data/xyth/A-unified-model-for-zero-shot-musical-source-separation-transcription-and-synthesis/dataset/hdf5s/Medley/SynFX/StevenClark_Bounty_STEM_06.h5
/data/xyth/A-unified-model-for-zero-shot-musical-source-separation-transcription-and-synthesis/dataset/hdf5s/Medley/SynFX/TablaBreakbeatScience_MoodyPlucks_STEM_02.h5
/data/xyth/A-unified-model-for-zero-shot-musical-source-separation-transcription-and-synthesis/dataset/hdf5s/Medley/SynFX/TablaBreakbeatScience_MoodyPlucks_STEM_05.h5
/data/xyth/A-unified-model-for-zero-shot-musical-source-separation-transcription-and-synthesis/dataset/hdf5s/Medley/SynFX/HeladoNegro_MitadDelMundo_STEM_09.h5
/data/xyth/A-unified-model-for-zero-shot-musical-source-separation-transcription-and-synthesis/dataset/hdf5s/Medley/SynFX/DeadMilkmen_PrisonersCinema_STEM_14.h5
/data/xyth/A-unified-model-for-zero-shot-musical-source-separation-transcription-and-synthesis/dataset/hdf5s/Medley/SynFX/TheScarletBrand_LesFleursDuMal_STEM_06.h5
/data/xyth/A-unified-model-for-zero-shot-musical-source-separation-transcription-and-synthesis/dataset/hdf5s/Medley/SynFX/AimeeNorwich_Flying_STEM_06.h5
/data/xyth/A-unified-model-for-zero-shot-musical-source-separation-transcription-and-synthesis/dataset/hdf5s/Medley/SynFX/StevenClark_Bounty_STEM_04.h5
/data/xyth/A-unified-model-for-zero-shot-musical-source-separation-transcription-and-synthesis/dataset/hdf5s/Medley/SynFX/Grants_PunchDrunk_STEM_10.h5
/data/xyth/A-unified-model-for-zero-shot-musical-source-separation-transcription-and-synthesis/dataset/hdf5s/Medley/SynFX/FacesOnFilm_WaitingForGa_STEM_07.h5
/data/xyth/A-unified-model-for-zero-shot-musical-source-separation-transcription-and-synthesis/dataset/hdf5s/Medley/SynFX/MatthewEntwistle_TheArch_STEM_17.h5
/data/xyth/A-unified-model-for-zero-shot-musical-source-separation-transcription-and-synthesis/dataset/hdf5s/Medley/SynFX/Lushlife_ToynbeeSuite_STEM_05.h5
/data/xyth/A-unified-model-for-zero-shot-musical-source-separation-transcription-and-synthesis/dataset/hdf5s/Medley/SynFX/TheSoSoGlos_Emergency_STEM_08.h5
/data/xyth/A-unified-model-for-zero-shot-musical-source-separation-transcription-and-synthesis/dataset/hdf5s/Medley/SynFX/HeladoNegro_MitadDelMundo_STEM_05.h5
/data/xyth/A-unified-model-for-zero-shot-musical-source-separation-transcription-and-synthesis/dataset/hdf5s/Medley/SynFX/TablaBreakbeatScience_MoodyPlucks_STEM_03.h5
/data/xyth/A-unified-model-for-zero-shot-musical-source-separation-transcription-and-synthesis/dataset/hdf5s/Medley/SynFX/Lushlife_ToynbeeSuite_STEM_15.h5
/data/xyth/A-unified-model-for-zero-shot-musical-source-separation-transcription-and-synthesis/dataset/hdf5s/Medley/SynFX/TablaBreakbeatScience_PhaseTransition_STEM_02.h5
/data/xyth/A-unified-model-for-zero-shot-musical-source-separation-transcription-and-synthesis/dataset/hdf5s/Medley/SynFX/HeladoNegro_MitadDelMundo_STEM_02.h5
/data/xyth/A-unified-model-for-zero-shot-musical-source-separation-transcription-and-synthesis/dataset/hdf5s/Medley/SynFX/HopAlong_SisterCities_STEM_05.h5
/data/xyth/A-unified-model-for-zero-shot-musical-source-separation-transcription-and-synthesis/dataset/hdf5s/Medley/SynFX/Snowmine_Curfews_STEM_09.h5
/data/xyth/A-unified-model-for-zero-shot-musical-source-separation-transcription-and-synthesis/dataset/hdf5s/Medley/SynFX/CatMartino_IPromise_STEM_05.h5
/data/xyth/A-unified-model-for-zero-shot-musical-source-separation-transcription-and-synthesis/dataset/hdf5s/Medley/SynFX/Lushlife_ToynbeeSuite_STEM_20.h5
/data/xyth/A-unified-model-for-zero-shot-musical-source-separation-transcription-and-synthesis/dataset/hdf5s/Medley/SynFX/MusicDelta_FusionJazz_STEM_04.h5
/data/xyth/A-unified-model-for-zero-shot-musical-source-separation-transcription-and-synthesis/dataset/hdf5s/Medley/SynFX/Grants_PunchDrunk_STEM_06.h5
/data/xyth/A-unified-model-for-zero-shot-musical-source-separation-transcription-and-synthesis/dataset/hdf5s/Medley/SynFX/EthanHein_1930sSynthAndUprightBass_STEM_03.h5
/data/xyth/A-unified-model-for-zero-shot-musical-source-separation-transcription-and-synthesis/dataset/hdf5s/Medley/SynFX/AimeeNorwich_Flying_STEM_08.h5
/data/xyth/A-unified-model-for-zero-shot-musical-source-separation-transcription-and-synthesis/dataset/hdf5s/Medley/SynFX/CelestialShore_DieForUs_STEM_04.h5
/data/xyth/A-unified-model-for-zero-shot-musical-source-separation-transcription-and-synthesis/dataset/hdf5s/Medley/SynFX/PortStWillow_StayEven_STEM_11.h5
/data/xyth/A-unified-model-for-zero-shot-musical-source-separation-transcription-and-synthesis/dataset/hdf5s/Medley/SynFX/TablaBreakbeatScience_MiloVsMongo_STEM_06.h5
/data/xyth/A-unified-model-for-zero-shot-musical-source-separation-transcription-and-synthesis/dataset/hdf5s/Medley/SynFX/MatthewEntwistle_ImpressionsOfSaturn_STEM_03.h5
/data/xyth/A-unified-model-for-zero-shot-musical-source-separation-transcription-and-synthesis/dataset/hdf5s/Medley/SynFX/CassandraJenkins_PerfectDay_STEM_09.h5
/data/xyth/A-unified-model-for-zero-shot-musical-source-separation-transcription-and-synthesis/dataset/hdf5s/Medley/SynFX/MatthewEntwistle_TheArch_STEM_03.h5
/data/xyth/A-unified-model-for-zero-shot-musical-source-separation-transcription-and-synthesis/dataset/hdf5s/Medley/SynFX/EthanHein_GirlOnABridge_STEM_03.h5
/data/xyth/A-unified-model-for-zero-shot-musical-source-separation-transcription-and-synthesis/dataset/hdf5s/Medley/SynFX/Lushlife_ToynbeeSuite_STEM_16.h5
/data/xyth/A-unified-model-for-zero-shot-musical-source-separation-transcription-and-synthesis/dataset/hdf5s/Medley/SynFX/HeladoNegro_MitadDelMundo_STEM_06.h5
/data/xyth/A-unified-model-for-zero-shot-musical-source-separation-transcription-and-synthesis/dataset/hdf5s/Medley/SynFX/CelestialShore_DieForUs_STEM_09.h5
/data/xyth/A-unified-model-for-zero-shot-musical-source-separation-transcription-and-synthesis/dataset/hdf5s/Medley/SynFX/NightPanther_Fire_STEM_11.h5
/data/xyth/A-unified-model-for-zero-shot-musical-source-separation-transcription-and-synthesis/dataset/hdf5s/Medley/SynFX/TablaBreakbeatScience_Vger_STEM_04.h5
/data/xyth/A-unified-model-for-zero-shot-musical-source-separation-transcription-and-synthesis/dataset/hdf5s/Medley/SynFX/TablaBreakbeatScience_PhaseTransition_STEM_06.h5
/data/xyth/A-unified-model-for-zero-shot-musical-source-separation-transcription-and-synthesis/dataset/hdf5s/Medley/SynFX/SweetLights_YouLetMeDown_STEM_04.h5
/data/xyth/A-unified-model-for-zero-shot-musical-source-separation-transcription-and-synthesis/dataset/hdf5s/Medley/SynFX/AimeeNorwich_Flying_STEM_07.h5
/data/xyth/A-unified-model-for-zero-shot-musical-source-separation-transcription-and-synthesis/dataset/hdf5s/Medley/SynFX/TablaBreakbeatScience_MiloVsMongo_STEM_03.h5
/data/xyth/A-unified-model-for-zero-shot-musical-source-separation-transcription-and-synthesis/dataset/hdf5s/Medley/SynFX/MatthewEntwistle_TheArch_STEM_08.h5
/data/xyth/A-unified-model-for-zero-shot-musical-source-separation-transcription-and-synthesis/dataset/hdf5s/Medley/SynFX/TablaBreakbeatScience_Scorpio_STEM_06.h5
/data/xyth/A-unified-model-for-zero-shot-musical-source-separation-transcription-and-synthesis/dataset/hdf5s/Medley/SynFX/AvaLuna_Waterduct_STEM_02.h5
/data/xyth/A-unified-model-for-zero-shot-musical-source-separation-transcription-and-synthesis/dataset/hdf5s/Medley/SynFX/MatthewEntwistle_TheArch_STEM_01.h5
/data/xyth/A-unified-model-for-zero-shot-musical-source-separation-transcription-and-synthesis/dataset/hdf5s/Medley/SynFX/MatthewEntwistle_ImpressionsOfSaturn_STEM_02.h5
/data/xyth/A-unified-model-for-zero-shot-musical-source-separation-transcription-and-synthesis/dataset/hdf5s/Medley/SynFX/SecretMountains_HighHorse_STEM_06.h5
/data/xyth/A-unified-model-for-zero-shot-musical-source-separation-transcription-and-synthesis/dataset/hdf5s/Medley/SynFX/TablaBreakbeatScience_WhoIsIt_STEM_02.h5
/data/xyth/A-unified-model-for-zero-shot-musical-source-separation-transcription-and-synthesis/dataset/hdf5s/Medley/SynFX/SecretMountains_HighHorse_STEM_10.h5
/data/xyth/A-unified-model-for-zero-shot-musical-source-separation-transcription-and-synthesis/dataset/hdf5s/Medley/SynFX/TablaBreakbeatScience_MoodyPlucks_STEM_04.h5
/data/xyth/A-unified-model-for-zero-shot-musical-source-separation-transcription-and-synthesis/dataset/hdf5s/Medley/SynFX/SweetLights_YouLetMeDown_STEM_07.h5
/data/xyth/A-unified-model-for-zero-shot-musical-source-separation-transcription-and-synthesis/dataset/hdf5s/Medley/SynFX/AvaLuna_Waterduct_STEM_06.h5
/data/xyth/A-unified-model-for-zero-shot-musical-source-separation-transcription-and-synthesis/dataset/hdf5s/Medley/SynFX/EthanHein_HarmonicaFigure_STEM_04.h5
/data/xyth/A-unified-model-for-zero-shot-musical-source-separation-transcription-and-synthesis/dataset/hdf5s/Medley/SynFX/SweetLights_YouLetMeDown_STEM_10.h5
/data/xyth/A-unified-model-for-zero-shot-musical-source-separation-transcription-and-synthesis/dataset/hdf5s/Medley/SynFX/CatMartino_IPromise_STEM_01.h5
/data/xyth/A-unified-model-for-zero-shot-musical-source-separation-transcription-and-synthesis/dataset/hdf5s/Medley/SynFX/AimeeNorwich_Flying_STEM_02.h5
/data/xyth/A-unified-model-for-zero-shot-musical-source-separation-transcription-and-synthesis/dataset/hdf5s/Medley/SynFX/DreamersOfTheGhetto_HeavyLove_STEM_07.h5
/data/xyth/A-unified-model-for-zero-shot-musical-source-separation-transcription-and-synthesis/dataset/hdf5s/Medley/SynFX/TablaBreakbeatScience_MoodyPlucks_STEM_08.h5
/data/xyth/A-unified-model-for-zero-shot-musical-source-separation-transcription-and-synthesis/dataset/hdf5s/Medley/SynFX/TablaBreakbeatScience_MiloVsMongo_STEM_05.h5
/data/xyth/A-unified-model-for-zero-shot-musical-source-separation-transcription-and-synthesis/dataset/hdf5s/Medley/SynFX/CatMartino_IPromise_STEM_07.h5
