/Users/logickino/Downloads/Medley_DB/Medley/MusicDelta_Vivaldi/MusicDelta_Vivaldi_STEMS/MusicDelta_Vivaldi_STEM_05.wav
/Users/logickino/Downloads/Medley_DB/Medley/LittleTybee_TheAlchemist/LittleTybee_TheAlchemist_STEMS/LittleTybee_TheAlchemist_STEM_10.wav
/Users/logickino/Downloads/Medley_DB/Medley/AimeeNorwich_Flying/AimeeNorwich_Flying_STEMS/AimeeNorwich_Flying_STEM_11.wav
/Users/logickino/Downloads/Medley_DB/Medley/MatthewEntwistle_TheFlaxenField/MatthewEntwistle_TheFlaxenField_STEMS/MatthewEntwistle_TheFlaxenField_STEM_01.wav
/Users/logickino/Downloads/Medley_DB/Medley/MatthewEntwistle_TheFlaxenField/MatthewEntwistle_TheFlaxenField_STEMS/MatthewEntwistle_TheFlaxenField_STEM_05.wav
/Users/logickino/Downloads/Medley_DB/Medley/AimeeNorwich_Flying/AimeeNorwich_Flying_STEMS/AimeeNorwich_Flying_STEM_10.wav
/Users/logickino/Downloads/Medley_DB/Medley/MusicDelta_ChineseYaoZu/MusicDelta_ChineseYaoZu_STEMS/MusicDelta_ChineseYaoZu_STEM_02.wav
/Users/logickino/Downloads/Medley_DB/Medley/MusicDelta_Pachelbel/MusicDelta_Pachelbel_STEMS/MusicDelta_Pachelbel_STEM_03.wav
/Users/logickino/Downloads/Medley_DB/Medley/HezekiahJones_BorrowedHeart/HezekiahJones_BorrowedHeart_STEMS/HezekiahJones_BorrowedHeart_STEM_11.wav
/Users/logickino/Downloads/Medley_DB/Medley/MatthewEntwistle_AnEveningWithOliver/MatthewEntwistle_AnEveningWithOliver_STEMS/MatthewEntwistle_AnEveningWithOliver_STEM_16.wav
/Users/logickino/Downloads/Medley_DB/Medley/MatthewEntwistle_ImpressionsOfSaturn/MatthewEntwistle_ImpressionsOfSaturn_STEMS/MatthewEntwistle_ImpressionsOfSaturn_STEM_07.wav
/Users/logickino/Downloads/Medley_DB/Medley/MutualBenefit_NotForNothing/MutualBenefit_NotForNothing_STEMS/MutualBenefit_NotForNothing_STEM_08.wav
/Users/logickino/Downloads/Medley_DB/Medley/MatthewEntwistle_FairerHopes/MatthewEntwistle_FairerHopes_STEMS/MatthewEntwistle_FairerHopes_STEM_17.wav
/Users/logickino/Downloads/Medley_DB/Medley/MatthewEntwistle_AnEveningWithOliver/MatthewEntwistle_AnEveningWithOliver_STEMS/MatthewEntwistle_AnEveningWithOliver_STEM_14.wav
/Users/logickino/Downloads/Medley_DB/Medley/MusicDelta_ChineseJiangNan/MusicDelta_ChineseJiangNan_STEMS/MusicDelta_ChineseJiangNan_STEM_02.wav
/Users/logickino/Downloads/Medley_DB/Medley/MutualBenefit_NotForNothing/MutualBenefit_NotForNothing_STEMS/MutualBenefit_NotForNothing_STEM_03.wav
/Users/logickino/Downloads/Medley_DB/Medley/MusicDelta_InTheHalloftheMountainKing/MusicDelta_InTheHalloftheMountainKing_STEMS/MusicDelta_InTheHalloftheMountainKing_STEM_02.wav
/Users/logickino/Downloads/Medley_DB/Medley/MatthewEntwistle_TheArch/MatthewEntwistle_TheArch_STEMS/MatthewEntwistle_TheArch_STEM_16.wav
/Users/logickino/Downloads/Medley_DB/Medley/MutualBenefit_NotForNothing/MutualBenefit_NotForNothing_STEMS/MutualBenefit_NotForNothing_STEM_11.wav
/Users/logickino/Downloads/Medley_DB/Medley/MusicDelta_Beethoven/MusicDelta_Beethoven_STEMS/MusicDelta_Beethoven_STEM_03.wav
/Users/logickino/Downloads/Medley_DB/Medley/MatthewEntwistle_AnEveningWithOliver/MatthewEntwistle_AnEveningWithOliver_STEMS/MatthewEntwistle_AnEveningWithOliver_STEM_20.wav
/Users/logickino/Downloads/Medley_DB/Medley/MatthewEntwistle_AnEveningWithOliver/MatthewEntwistle_AnEveningWithOliver_STEMS/MatthewEntwistle_AnEveningWithOliver_STEM_24.wav
/Users/logickino/Downloads/Medley_DB/Medley/MusicDelta_InTheHalloftheMountainKing/MusicDelta_InTheHalloftheMountainKing_STEMS/MusicDelta_InTheHalloftheMountainKing_STEM_04.wav
/Users/logickino/Downloads/Medley_DB/Medley/NightPanther_Fire/NightPanther_Fire_STEMS/NightPanther_Fire_STEM_09.wav
/Users/logickino/Downloads/Medley_DB/Medley/MusicDelta_ChineseChaoZhou/MusicDelta_ChineseChaoZhou_STEMS/MusicDelta_ChineseChaoZhou_STEM_02.wav
/Users/logickino/Downloads/Medley_DB/Medley/MatthewEntwistle_AnEveningWithOliver/MatthewEntwistle_AnEveningWithOliver_STEMS/MatthewEntwistle_AnEveningWithOliver_STEM_02.wav
/Users/logickino/Downloads/Medley_DB/Medley/MusicDelta_Vivaldi/MusicDelta_Vivaldi_STEMS/MusicDelta_Vivaldi_STEM_03.wav
/Users/logickino/Downloads/Medley_DB/Medley/MusicDelta_Pachelbel/MusicDelta_Pachelbel_STEMS/MusicDelta_Pachelbel_STEM_04.wav
/Users/logickino/Downloads/Medley_DB/Medley/MusicDelta_GriegTrolltog/MusicDelta_GriegTrolltog_STEMS/MusicDelta_GriegTrolltog_STEM_03.wav
/Users/logickino/Downloads/Medley_DB/Medley/MatthewEntwistle_FairerHopes/MatthewEntwistle_FairerHopes_STEMS/MatthewEntwistle_FairerHopes_STEM_03.wav
/Users/logickino/Downloads/Medley_DB/Medley/MatthewEntwistle_AnEveningWithOliver/MatthewEntwistle_AnEveningWithOliver_STEMS/MatthewEntwistle_AnEveningWithOliver_STEM_17.wav
/Users/logickino/Downloads/Medley_DB/Medley/EthanHein_GirlOnABridge/EthanHein_GirlOnABridge_STEMS/EthanHein_GirlOnABridge_STEM_04.wav
/Users/logickino/Downloads/Medley_DB/Medley/MusicDelta_InTheHalloftheMountainKing/MusicDelta_InTheHalloftheMountainKing_STEMS/MusicDelta_InTheHalloftheMountainKing_STEM_01.wav
/Users/logickino/Downloads/Medley_DB/Medley/MatthewEntwistle_FairerHopes/MatthewEntwistle_FairerHopes_STEMS/MatthewEntwistle_FairerHopes_STEM_18.wav
/Users/logickino/Downloads/Medley_DB/Medley/MusicDelta_Beethoven/MusicDelta_Beethoven_STEMS/MusicDelta_Beethoven_STEM_01.wav
/Users/logickino/Downloads/Medley_DB/Medley/MatthewEntwistle_FairerHopes/MatthewEntwistle_FairerHopes_STEMS/MatthewEntwistle_FairerHopes_STEM_02.wav
/Users/logickino/Downloads/Medley_DB/Medley/MatthewEntwistle_DontYouEver/MatthewEntwistle_DontYouEver_STEMS/MatthewEntwistle_DontYouEver_STEM_06.wav
/Users/logickino/Downloads/Medley_DB/Medley/MatthewEntwistle_FairerHopes/MatthewEntwistle_FairerHopes_STEMS/MatthewEntwistle_FairerHopes_STEM_10.wav
/Users/logickino/Downloads/Medley_DB/Medley/MusicDelta_GriegTrolltog/MusicDelta_GriegTrolltog_STEMS/MusicDelta_GriegTrolltog_STEM_02.wav
/Users/logickino/Downloads/Medley_DB/Medley/MusicDelta_GriegTrolltog/MusicDelta_GriegTrolltog_STEMS/MusicDelta_GriegTrolltog_STEM_01.wav
/Users/logickino/Downloads/Medley_DB/Medley/MatthewEntwistle_AnEveningWithOliver/MatthewEntwistle_AnEveningWithOliver_STEMS/MatthewEntwistle_AnEveningWithOliver_STEM_21.wav
/Users/logickino/Downloads/Medley_DB/Medley/MusicDelta_Pachelbel/MusicDelta_Pachelbel_STEMS/MusicDelta_Pachelbel_STEM_02.wav
/Users/logickino/Downloads/Medley_DB/Medley/MusicDelta_ChineseHenan/MusicDelta_ChineseHenan_STEMS/MusicDelta_ChineseHenan_STEM_02.wav
/Users/logickino/Downloads/Medley_DB/Medley/MatthewEntwistle_TheFlaxenField/MatthewEntwistle_TheFlaxenField_STEMS/MatthewEntwistle_TheFlaxenField_STEM_04.wav
/Users/logickino/Downloads/Medley_DB/Medley/MusicDelta_ChineseXinJing/MusicDelta_ChineseXinJing_STEMS/MusicDelta_ChineseXinJing_STEM_01.wav
/Users/logickino/Downloads/Medley_DB/Medley/MatthewEntwistle_TheArch/MatthewEntwistle_TheArch_STEMS/MatthewEntwistle_TheArch_STEM_05.wav
/Users/logickino/Downloads/Medley_DB/Medley/MatthewEntwistle_ImpressionsOfSaturn/MatthewEntwistle_ImpressionsOfSaturn_STEMS/MatthewEntwistle_ImpressionsOfSaturn_STEM_01.wav
/Users/logickino/Downloads/Medley_DB/Medley/MusicDelta_InTheHalloftheMountainKing/MusicDelta_InTheHalloftheMountainKing_STEMS/MusicDelta_InTheHalloftheMountainKing_STEM_03.wav
/Users/logickino/Downloads/Medley_DB/Medley/MatthewEntwistle_FairerHopes/MatthewEntwistle_FairerHopes_STEMS/MatthewEntwistle_FairerHopes_STEM_16.wav
/Users/logickino/Downloads/Medley_DB/Medley/MatthewEntwistle_TheArch/MatthewEntwistle_TheArch_STEMS/MatthewEntwistle_TheArch_STEM_06.wav
/Users/logickino/Downloads/Medley_DB/Medley/CassandraJenkins_PerfectDay/CassandraJenkins_PerfectDay_STEMS/CassandraJenkins_PerfectDay_STEM_01.wav
/Users/logickino/Downloads/Medley_DB/Medley/MatthewEntwistle_TheArch/MatthewEntwistle_TheArch_STEMS/MatthewEntwistle_TheArch_STEM_14.wav
/Users/logickino/Downloads/Medley_DB/Medley/MusicDelta_Vivaldi/MusicDelta_Vivaldi_STEMS/MusicDelta_Vivaldi_STEM_02.wav
/Users/logickino/Downloads/Medley_DB/Medley/Lushlife_ToynbeeSuite/Lushlife_ToynbeeSuite_STEMS/Lushlife_ToynbeeSuite_STEM_24.wav
/Users/logickino/Downloads/Medley_DB/Medley/MusicDelta_Beethoven/MusicDelta_Beethoven_STEMS/MusicDelta_Beethoven_STEM_02.wav
/Users/logickino/Downloads/Medley_DB/Medley/TheKitchenettes_Alive/TheKitchenettes_Alive_STEMS/TheKitchenettes_Alive_STEM_04.wav
/Users/logickino/Downloads/Medley_DB/Medley/MatthewEntwistle_AnEveningWithOliver/MatthewEntwistle_AnEveningWithOliver_STEMS/MatthewEntwistle_AnEveningWithOliver_STEM_19.wav
/Users/logickino/Downloads/Medley_DB/Medley/MusicDelta_GriegTrolltog/MusicDelta_GriegTrolltog_STEMS/MusicDelta_GriegTrolltog_STEM_04.wav
