/Users/logickino/Downloads/Medley_DB/Medley/MatthewEntwistle_FairerHopes/MatthewEntwistle_FairerHopes_STEMS/MatthewEntwistle_FairerHopes_STEM_12.wav
/Users/logickino/Downloads/Medley_DB/Medley/CassandraJenkins_PerfectDay/CassandraJenkins_PerfectDay_STEMS/CassandraJenkins_PerfectDay_STEM_05.wav
/Users/logickino/Downloads/Medley_DB/Medley/MusicDelta_Beethoven/MusicDelta_Beethoven_STEMS/MusicDelta_Beethoven_STEM_10.wav
/Users/logickino/Downloads/Medley_DB/Medley/AlexanderRoss_GoodbyeBolero/AlexanderRoss_GoodbyeBolero_STEMS/AlexanderRoss_GoodbyeBolero_STEM_09.wav
/Users/logickino/Downloads/Medley_DB/Medley/MusicDelta_InTheHalloftheMountainKing/MusicDelta_InTheHalloftheMountainKing_STEMS/MusicDelta_InTheHalloftheMountainKing_STEM_09.wav
/Users/logickino/Downloads/Medley_DB/Medley/MatthewEntwistle_AnEveningWithOliver/MatthewEntwistle_AnEveningWithOliver_STEMS/MatthewEntwistle_AnEveningWithOliver_STEM_04.wav
/Users/logickino/Downloads/Medley_DB/Medley/AlexanderRoss_GoodbyeBolero/AlexanderRoss_GoodbyeBolero_STEMS/AlexanderRoss_GoodbyeBolero_STEM_07.wav
/Users/logickino/Downloads/Medley_DB/Medley/MusicDelta_GriegTrolltog/MusicDelta_GriegTrolltog_STEMS/MusicDelta_GriegTrolltog_STEM_12.wav
/Users/logickino/Downloads/Medley_DB/Medley/Lushlife_ToynbeeSuite/Lushlife_ToynbeeSuite_STEMS/Lushlife_ToynbeeSuite_STEM_13.wav
/Users/logickino/Downloads/Medley_DB/Medley/MatthewEntwistle_FairerHopes/MatthewEntwistle_FairerHopes_STEMS/MatthewEntwistle_FairerHopes_STEM_14.wav
/Users/logickino/Downloads/Medley_DB/Medley/MatthewEntwistle_AnEveningWithOliver/MatthewEntwistle_AnEveningWithOliver_STEMS/MatthewEntwistle_AnEveningWithOliver_STEM_10.wav
/Users/logickino/Downloads/Medley_DB/Medley/MusicDelta_Beethoven/MusicDelta_Beethoven_STEMS/MusicDelta_Beethoven_STEM_08.wav
/Users/logickino/Downloads/Medley_DB/Medley/MusicDelta_Beethoven/MusicDelta_Beethoven_STEMS/MusicDelta_Beethoven_STEM_09.wav
/Users/logickino/Downloads/Medley_DB/Medley/TablaBreakbeatScience_Scorpio/TablaBreakbeatScience_Scorpio_STEMS/TablaBreakbeatScience_Scorpio_STEM_04.wav
/Users/logickino/Downloads/Medley_DB/Medley/MatthewEntwistle_FairerHopes/MatthewEntwistle_FairerHopes_STEMS/MatthewEntwistle_FairerHopes_STEM_05.wav
/Users/logickino/Downloads/Medley_DB/Medley/MusicDelta_GriegTrolltog/MusicDelta_GriegTrolltog_STEMS/MusicDelta_GriegTrolltog_STEM_08.wav
/Users/logickino/Downloads/Medley_DB/Medley/MusicDelta_ModalJazz/MusicDelta_ModalJazz_STEMS/MusicDelta_ModalJazz_STEM_04.wav
/Users/logickino/Downloads/Medley_DB/Medley/MusicDelta_InTheHalloftheMountainKing/MusicDelta_InTheHalloftheMountainKing_STEMS/MusicDelta_InTheHalloftheMountainKing_STEM_06.wav
/Users/logickino/Downloads/Medley_DB/Medley/MusicDelta_Beethoven/MusicDelta_Beethoven_STEMS/MusicDelta_Beethoven_STEM_17.wav
/Users/logickino/Downloads/Medley_DB/Medley/MatthewEntwistle_TheArch/MatthewEntwistle_TheArch_STEMS/MatthewEntwistle_TheArch_STEM_13.wav
/Users/logickino/Downloads/Medley_DB/Medley/TablaBreakbeatScience_RockSteady/TablaBreakbeatScience_RockSteady_STEMS/TablaBreakbeatScience_RockSteady_STEM_02.wav
/Users/logickino/Downloads/Medley_DB/Medley/Lushlife_ToynbeeSuite/Lushlife_ToynbeeSuite_STEMS/Lushlife_ToynbeeSuite_STEM_04.wav
/Users/logickino/Downloads/Medley_DB/Medley/MusicDelta_GriegTrolltog/MusicDelta_GriegTrolltog_STEMS/MusicDelta_GriegTrolltog_STEM_15.wav
/Users/logickino/Downloads/Medley_DB/Medley/MusicDelta_FunkJazz/MusicDelta_FunkJazz_STEMS/MusicDelta_FunkJazz_STEM_04.wav
/Users/logickino/Downloads/Medley_DB/Medley/MusicDelta_InTheHalloftheMountainKing/MusicDelta_InTheHalloftheMountainKing_STEMS/MusicDelta_InTheHalloftheMountainKing_STEM_11.wav
/Users/logickino/Downloads/Medley_DB/Medley/TablaBreakbeatScience_Vger/TablaBreakbeatScience_Vger_STEMS/TablaBreakbeatScience_Vger_STEM_05.wav
/Users/logickino/Downloads/Medley_DB/Medley/MusicDelta_ModalJazz/MusicDelta_ModalJazz_STEMS/MusicDelta_ModalJazz_STEM_05.wav
/Users/logickino/Downloads/Medley_DB/Medley/MusicDelta_Beethoven/MusicDelta_Beethoven_STEMS/MusicDelta_Beethoven_STEM_07.wav
/Users/logickino/Downloads/Medley_DB/Medley/MusicDelta_FusionJazz/MusicDelta_FusionJazz_STEMS/MusicDelta_FusionJazz_STEM_06.wav
/Users/logickino/Downloads/Medley_DB/Medley/InvisibleFamiliars_DisturbingWildlife/InvisibleFamiliars_DisturbingWildlife_STEMS/InvisibleFamiliars_DisturbingWildlife_STEM_03.wav
/Users/logickino/Downloads/Medley_DB/Medley/MusicDelta_CoolJazz/MusicDelta_CoolJazz_STEMS/MusicDelta_CoolJazz_STEM_05.wav
/Users/logickino/Downloads/Medley_DB/Medley/MatthewEntwistle_AnEveningWithOliver/MatthewEntwistle_AnEveningWithOliver_STEMS/MatthewEntwistle_AnEveningWithOliver_STEM_03.wav
/Users/logickino/Downloads/Medley_DB/Medley/MatthewEntwistle_TheArch/MatthewEntwistle_TheArch_STEMS/MatthewEntwistle_TheArch_STEM_09.wav
/Users/logickino/Downloads/Medley_DB/Medley/AimeeNorwich_Flying/AimeeNorwich_Flying_STEMS/AimeeNorwich_Flying_STEM_15.wav
/Users/logickino/Downloads/Medley_DB/Medley/MusicDelta_InTheHalloftheMountainKing/MusicDelta_InTheHalloftheMountainKing_STEMS/MusicDelta_InTheHalloftheMountainKing_STEM_10.wav
/Users/logickino/Downloads/Medley_DB/Medley/MatthewEntwistle_TheArch/MatthewEntwistle_TheArch_STEMS/MatthewEntwistle_TheArch_STEM_11.wav
/Users/logickino/Downloads/Medley_DB/Medley/Auctioneer_OurFutureFaces/Auctioneer_OurFutureFaces_STEMS/Auctioneer_OurFutureFaces_STEM_06.wav
/Users/logickino/Downloads/Medley_DB/Medley/Lushlife_ToynbeeSuite/Lushlife_ToynbeeSuite_STEMS/Lushlife_ToynbeeSuite_STEM_01.wav
/Users/logickino/Downloads/Medley_DB/Medley/MatthewEntwistle_FairerHopes/MatthewEntwistle_FairerHopes_STEMS/MatthewEntwistle_FairerHopes_STEM_11.wav
/Users/logickino/Downloads/Medley_DB/Medley/MusicDelta_Beethoven/MusicDelta_Beethoven_STEMS/MusicDelta_Beethoven_STEM_12.wav
/Users/logickino/Downloads/Medley_DB/Medley/MusicDelta_GriegTrolltog/MusicDelta_GriegTrolltog_STEMS/MusicDelta_GriegTrolltog_STEM_14.wav
/Users/logickino/Downloads/Medley_DB/Medley/TablaBreakbeatScience_WhoIsIt/TablaBreakbeatScience_WhoIsIt_STEMS/TablaBreakbeatScience_WhoIsIt_STEM_04.wav
/Users/logickino/Downloads/Medley_DB/Medley/MusicDelta_FreeJazz/MusicDelta_FreeJazz_STEMS/MusicDelta_FreeJazz_STEM_03.wav
/Users/logickino/Downloads/Medley_DB/Medley/MusicDelta_InTheHalloftheMountainKing/MusicDelta_InTheHalloftheMountainKing_STEMS/MusicDelta_InTheHalloftheMountainKing_STEM_08.wav
/Users/logickino/Downloads/Medley_DB/Medley/MusicDelta_InTheHalloftheMountainKing/MusicDelta_InTheHalloftheMountainKing_STEMS/MusicDelta_InTheHalloftheMountainKing_STEM_14.wav
/Users/logickino/Downloads/Medley_DB/Medley/MusicDelta_BebopJazz/MusicDelta_BebopJazz_STEMS/MusicDelta_BebopJazz_STEM_04.wav
/Users/logickino/Downloads/Medley_DB/Medley/NightPanther_Fire/NightPanther_Fire_STEMS/NightPanther_Fire_STEM_06.wav
/Users/logickino/Downloads/Medley_DB/Medley/MusicDelta_GriegTrolltog/MusicDelta_GriegTrolltog_STEMS/MusicDelta_GriegTrolltog_STEM_16.wav
/Users/logickino/Downloads/Medley_DB/Medley/MusicDelta_GriegTrolltog/MusicDelta_GriegTrolltog_STEMS/MusicDelta_GriegTrolltog_STEM_06.wav
/Users/logickino/Downloads/Medley_DB/Medley/MatthewEntwistle_TheArch/MatthewEntwistle_TheArch_STEMS/MatthewEntwistle_TheArch_STEM_10.wav
/Users/logickino/Downloads/Medley_DB/Medley/MusicDelta_Beethoven/MusicDelta_Beethoven_STEMS/MusicDelta_Beethoven_STEM_16.wav
/Users/logickino/Downloads/Medley_DB/Medley/MusicDelta_ChineseDrama/MusicDelta_ChineseDrama_STEMS/MusicDelta_ChineseDrama_STEM_01.wav
/Users/logickino/Downloads/Medley_DB/Medley/MusicDelta_LatinJazz/MusicDelta_LatinJazz_STEMS/MusicDelta_LatinJazz_STEM_04.wav
/Users/logickino/Downloads/Medley_DB/Medley/MusicDelta_LatinJazz/MusicDelta_LatinJazz_STEMS/MusicDelta_LatinJazz_STEM_05.wav
/Users/logickino/Downloads/Medley_DB/Medley/MusicDelta_Beethoven/MusicDelta_Beethoven_STEMS/MusicDelta_Beethoven_STEM_11.wav
/Users/logickino/Downloads/Medley_DB/Medley/MusicDelta_GriegTrolltog/MusicDelta_GriegTrolltog_STEMS/MusicDelta_GriegTrolltog_STEM_09.wav
/Users/logickino/Downloads/Medley_DB/Medley/MusicDelta_Beethoven/MusicDelta_Beethoven_STEMS/MusicDelta_Beethoven_STEM_15.wav
/Users/logickino/Downloads/Medley_DB/Medley/AimeeNorwich_Flying/AimeeNorwich_Flying_STEMS/AimeeNorwich_Flying_STEM_13.wav
/Users/logickino/Downloads/Medley_DB/Medley/MusicDelta_ChineseJiangNan/MusicDelta_ChineseJiangNan_STEMS/MusicDelta_ChineseJiangNan_STEM_01.wav
/Users/logickino/Downloads/Medley_DB/Medley/MusicDelta_CoolJazz/MusicDelta_CoolJazz_STEMS/MusicDelta_CoolJazz_STEM_04.wav
/Users/logickino/Downloads/Medley_DB/Medley/MatthewEntwistle_TheFlaxenField/MatthewEntwistle_TheFlaxenField_STEMS/MatthewEntwistle_TheFlaxenField_STEM_02.wav
/Users/logickino/Downloads/Medley_DB/Medley/Lushlife_ToynbeeSuite/Lushlife_ToynbeeSuite_STEMS/Lushlife_ToynbeeSuite_STEM_14.wav
/Users/logickino/Downloads/Medley_DB/Medley/MusicDelta_GriegTrolltog/MusicDelta_GriegTrolltog_STEMS/MusicDelta_GriegTrolltog_STEM_11.wav
/Users/logickino/Downloads/Medley_DB/Medley/EthanHein_HarmonicaFigure/EthanHein_HarmonicaFigure_STEMS/EthanHein_HarmonicaFigure_STEM_05.wav
/Users/logickino/Downloads/Medley_DB/Medley/MusicDelta_BebopJazz/MusicDelta_BebopJazz_STEMS/MusicDelta_BebopJazz_STEM_05.wav
/Users/logickino/Downloads/Medley_DB/Medley/MusicDelta_GriegTrolltog/MusicDelta_GriegTrolltog_STEMS/MusicDelta_GriegTrolltog_STEM_13.wav
/Users/logickino/Downloads/Medley_DB/Medley/MusicDelta_GriegTrolltog/MusicDelta_GriegTrolltog_STEMS/MusicDelta_GriegTrolltog_STEM_10.wav
/Users/logickino/Downloads/Medley_DB/Medley/MatthewEntwistle_TheArch/MatthewEntwistle_TheArch_STEMS/MatthewEntwistle_TheArch_STEM_12.wav
