/Users/logickino/Downloads/Medley_DB/Medley/TablaBreakbeatScience_Scorpio/TablaBreakbeatScience_Scorpio_STEMS/TablaBreakbeatScience_Scorpio_STEM_05.wav
/Users/logickino/Downloads/Medley_DB/Medley/NightPanther_Fire/NightPanther_Fire_STEMS/NightPanther_Fire_STEM_12.wav
/Users/logickino/Downloads/Medley_DB/Medley/TablaBreakbeatScience_MiloVsMongo/TablaBreakbeatScience_MiloVsMongo_STEMS/TablaBreakbeatScience_MiloVsMongo_STEM_07.wav
/Users/logickino/Downloads/Medley_DB/Medley/MatthewEntwistle_ImpressionsOfSaturn/MatthewEntwistle_ImpressionsOfSaturn_STEMS/MatthewEntwistle_ImpressionsOfSaturn_STEM_05.wav
/Users/logickino/Downloads/Medley_DB/Medley/Lushlife_ToynbeeSuite/Lushlife_ToynbeeSuite_STEMS/Lushlife_ToynbeeSuite_STEM_21.wav
/Users/logickino/Downloads/Medley_DB/Medley/Lushlife_ToynbeeSuite/Lushlife_ToynbeeSuite_STEMS/Lushlife_ToynbeeSuite_STEM_19.wav
/Users/logickino/Downloads/Medley_DB/Medley/TablaBreakbeatScience_MoodyPlucks/TablaBreakbeatScience_MoodyPlucks_STEMS/TablaBreakbeatScience_MoodyPlucks_STEM_07.wav
/Users/logickino/Downloads/Medley_DB/Medley/EthanHein_HarmonicaFigure/EthanHein_HarmonicaFigure_STEMS/EthanHein_HarmonicaFigure_STEM_03.wav
/Users/logickino/Downloads/Medley_DB/Medley/MatthewEntwistle_ImpressionsOfSaturn/MatthewEntwistle_ImpressionsOfSaturn_STEMS/MatthewEntwistle_ImpressionsOfSaturn_STEM_04.wav
/Users/logickino/Downloads/Medley_DB/Medley/TablaBreakbeatScience_Vger/TablaBreakbeatScience_Vger_STEMS/TablaBreakbeatScience_Vger_STEM_03.wav
/Users/logickino/Downloads/Medley_DB/Medley/TheDistricts_Vermont/TheDistricts_Vermont_STEMS/TheDistricts_Vermont_STEM_04.wav
/Users/logickino/Downloads/Medley_DB/Medley/EthanHein_1930sSynthAndUprightBass/EthanHein_1930sSynthAndUprightBass_STEMS/EthanHein_1930sSynthAndUprightBass_STEM_02.wav
/Users/logickino/Downloads/Medley_DB/Medley/StevenClark_Bounty/StevenClark_Bounty_STEMS/StevenClark_Bounty_STEM_06.wav
/Users/logickino/Downloads/Medley_DB/Medley/TablaBreakbeatScience_MoodyPlucks/TablaBreakbeatScience_MoodyPlucks_STEMS/TablaBreakbeatScience_MoodyPlucks_STEM_02.wav
/Users/logickino/Downloads/Medley_DB/Medley/TablaBreakbeatScience_MoodyPlucks/TablaBreakbeatScience_MoodyPlucks_STEMS/TablaBreakbeatScience_MoodyPlucks_STEM_05.wav
/Users/logickino/Downloads/Medley_DB/Medley/HeladoNegro_MitadDelMundo/HeladoNegro_MitadDelMundo_STEMS/HeladoNegro_MitadDelMundo_STEM_09.wav
/Users/logickino/Downloads/Medley_DB/Medley/DeadMilkmen_PrisonersCinema/DeadMilkmen_PrisonersCinema_STEMS/DeadMilkmen_PrisonersCinema_STEM_14.wav
/Users/logickino/Downloads/Medley_DB/Medley/TheScarletBrand_LesFleursDuMal/TheScarletBrand_LesFleursDuMal_STEMS/TheScarletBrand_LesFleursDuMal_STEM_06.wav
/Users/logickino/Downloads/Medley_DB/Medley/AimeeNorwich_Flying/AimeeNorwich_Flying_STEMS/AimeeNorwich_Flying_STEM_06.wav
/Users/logickino/Downloads/Medley_DB/Medley/StevenClark_Bounty/StevenClark_Bounty_STEMS/StevenClark_Bounty_STEM_04.wav
/Users/logickino/Downloads/Medley_DB/Medley/Grants_PunchDrunk/Grants_PunchDrunk_STEMS/Grants_PunchDrunk_STEM_10.wav
/Users/logickino/Downloads/Medley_DB/Medley/FacesOnFilm_WaitingForGa/FacesOnFilm_WaitingForGa_STEMS/FacesOnFilm_WaitingForGa_STEM_07.wav
/Users/logickino/Downloads/Medley_DB/Medley/MatthewEntwistle_TheArch/MatthewEntwistle_TheArch_STEMS/MatthewEntwistle_TheArch_STEM_17.wav
/Users/logickino/Downloads/Medley_DB/Medley/Lushlife_ToynbeeSuite/Lushlife_ToynbeeSuite_STEMS/Lushlife_ToynbeeSuite_STEM_05.wav
/Users/logickino/Downloads/Medley_DB/Medley/TheSoSoGlos_Emergency/TheSoSoGlos_Emergency_STEMS/TheSoSoGlos_Emergency_STEM_08.wav
/Users/logickino/Downloads/Medley_DB/Medley/HeladoNegro_MitadDelMundo/HeladoNegro_MitadDelMundo_STEMS/HeladoNegro_MitadDelMundo_STEM_05.wav
/Users/logickino/Downloads/Medley_DB/Medley/TablaBreakbeatScience_MoodyPlucks/TablaBreakbeatScience_MoodyPlucks_STEMS/TablaBreakbeatScience_MoodyPlucks_STEM_03.wav
/Users/logickino/Downloads/Medley_DB/Medley/Lushlife_ToynbeeSuite/Lushlife_ToynbeeSuite_STEMS/Lushlife_ToynbeeSuite_STEM_15.wav
/Users/logickino/Downloads/Medley_DB/Medley/TablaBreakbeatScience_PhaseTransition/TablaBreakbeatScience_PhaseTransition_STEMS/TablaBreakbeatScience_PhaseTransition_STEM_02.wav
/Users/logickino/Downloads/Medley_DB/Medley/HeladoNegro_MitadDelMundo/HeladoNegro_MitadDelMundo_STEMS/HeladoNegro_MitadDelMundo_STEM_02.wav
/Users/logickino/Downloads/Medley_DB/Medley/HopAlong_SisterCities/HopAlong_SisterCities_STEMS/HopAlong_SisterCities_STEM_05.wav
/Users/logickino/Downloads/Medley_DB/Medley/Snowmine_Curfews/Snowmine_Curfews_STEMS/Snowmine_Curfews_STEM_09.wav
/Users/logickino/Downloads/Medley_DB/Medley/CatMartino_IPromise/CatMartino_IPromise_STEMS/CatMartino_IPromise_STEM_05.wav
/Users/logickino/Downloads/Medley_DB/Medley/Lushlife_ToynbeeSuite/Lushlife_ToynbeeSuite_STEMS/Lushlife_ToynbeeSuite_STEM_20.wav
/Users/logickino/Downloads/Medley_DB/Medley/MusicDelta_FusionJazz/MusicDelta_FusionJazz_STEMS/MusicDelta_FusionJazz_STEM_04.wav
/Users/logickino/Downloads/Medley_DB/Medley/Grants_PunchDrunk/Grants_PunchDrunk_STEMS/Grants_PunchDrunk_STEM_06.wav
/Users/logickino/Downloads/Medley_DB/Medley/EthanHein_1930sSynthAndUprightBass/EthanHein_1930sSynthAndUprightBass_STEMS/EthanHein_1930sSynthAndUprightBass_STEM_03.wav
/Users/logickino/Downloads/Medley_DB/Medley/AimeeNorwich_Flying/AimeeNorwich_Flying_STEMS/AimeeNorwich_Flying_STEM_08.wav
/Users/logickino/Downloads/Medley_DB/Medley/CelestialShore_DieForUs/CelestialShore_DieForUs_STEMS/CelestialShore_DieForUs_STEM_04.wav
/Users/logickino/Downloads/Medley_DB/Medley/PortStWillow_StayEven/PortStWillow_StayEven_STEMS/PortStWillow_StayEven_STEM_11.wav
/Users/logickino/Downloads/Medley_DB/Medley/TablaBreakbeatScience_MiloVsMongo/TablaBreakbeatScience_MiloVsMongo_STEMS/TablaBreakbeatScience_MiloVsMongo_STEM_06.wav
/Users/logickino/Downloads/Medley_DB/Medley/MatthewEntwistle_ImpressionsOfSaturn/MatthewEntwistle_ImpressionsOfSaturn_STEMS/MatthewEntwistle_ImpressionsOfSaturn_STEM_03.wav
/Users/logickino/Downloads/Medley_DB/Medley/CassandraJenkins_PerfectDay/CassandraJenkins_PerfectDay_STEMS/CassandraJenkins_PerfectDay_STEM_09.wav
/Users/logickino/Downloads/Medley_DB/Medley/MatthewEntwistle_TheArch/MatthewEntwistle_TheArch_STEMS/MatthewEntwistle_TheArch_STEM_03.wav
/Users/logickino/Downloads/Medley_DB/Medley/EthanHein_GirlOnABridge/EthanHein_GirlOnABridge_STEMS/EthanHein_GirlOnABridge_STEM_03.wav
/Users/logickino/Downloads/Medley_DB/Medley/Lushlife_ToynbeeSuite/Lushlife_ToynbeeSuite_STEMS/Lushlife_ToynbeeSuite_STEM_16.wav
/Users/logickino/Downloads/Medley_DB/Medley/HeladoNegro_MitadDelMundo/HeladoNegro_MitadDelMundo_STEMS/HeladoNegro_MitadDelMundo_STEM_06.wav
/Users/logickino/Downloads/Medley_DB/Medley/CelestialShore_DieForUs/CelestialShore_DieForUs_STEMS/CelestialShore_DieForUs_STEM_09.wav
/Users/logickino/Downloads/Medley_DB/Medley/NightPanther_Fire/NightPanther_Fire_STEMS/NightPanther_Fire_STEM_11.wav
/Users/logickino/Downloads/Medley_DB/Medley/TablaBreakbeatScience_Vger/TablaBreakbeatScience_Vger_STEMS/TablaBreakbeatScience_Vger_STEM_04.wav
/Users/logickino/Downloads/Medley_DB/Medley/TablaBreakbeatScience_PhaseTransition/TablaBreakbeatScience_PhaseTransition_STEMS/TablaBreakbeatScience_PhaseTransition_STEM_06.wav
/Users/logickino/Downloads/Medley_DB/Medley/SweetLights_YouLetMeDown/SweetLights_YouLetMeDown_STEMS/SweetLights_YouLetMeDown_STEM_04.wav
/Users/logickino/Downloads/Medley_DB/Medley/AimeeNorwich_Flying/AimeeNorwich_Flying_STEMS/AimeeNorwich_Flying_STEM_07.wav
/Users/logickino/Downloads/Medley_DB/Medley/TablaBreakbeatScience_MiloVsMongo/TablaBreakbeatScience_MiloVsMongo_STEMS/TablaBreakbeatScience_MiloVsMongo_STEM_03.wav
/Users/logickino/Downloads/Medley_DB/Medley/MatthewEntwistle_TheArch/MatthewEntwistle_TheArch_STEMS/MatthewEntwistle_TheArch_STEM_08.wav
/Users/logickino/Downloads/Medley_DB/Medley/TablaBreakbeatScience_Scorpio/TablaBreakbeatScience_Scorpio_STEMS/TablaBreakbeatScience_Scorpio_STEM_06.wav
/Users/logickino/Downloads/Medley_DB/Medley/AvaLuna_Waterduct/AvaLuna_Waterduct_STEMS/AvaLuna_Waterduct_STEM_02.wav
/Users/logickino/Downloads/Medley_DB/Medley/MatthewEntwistle_TheArch/MatthewEntwistle_TheArch_STEMS/MatthewEntwistle_TheArch_STEM_01.wav
/Users/logickino/Downloads/Medley_DB/Medley/MatthewEntwistle_ImpressionsOfSaturn/MatthewEntwistle_ImpressionsOfSaturn_STEMS/MatthewEntwistle_ImpressionsOfSaturn_STEM_02.wav
/Users/logickino/Downloads/Medley_DB/Medley/SecretMountains_HighHorse/SecretMountains_HighHorse_STEMS/SecretMountains_HighHorse_STEM_06.wav
/Users/logickino/Downloads/Medley_DB/Medley/TablaBreakbeatScience_WhoIsIt/TablaBreakbeatScience_WhoIsIt_STEMS/TablaBreakbeatScience_WhoIsIt_STEM_02.wav
/Users/logickino/Downloads/Medley_DB/Medley/SecretMountains_HighHorse/SecretMountains_HighHorse_STEMS/SecretMountains_HighHorse_STEM_10.wav
/Users/logickino/Downloads/Medley_DB/Medley/TablaBreakbeatScience_MoodyPlucks/TablaBreakbeatScience_MoodyPlucks_STEMS/TablaBreakbeatScience_MoodyPlucks_STEM_04.wav
/Users/logickino/Downloads/Medley_DB/Medley/SweetLights_YouLetMeDown/SweetLights_YouLetMeDown_STEMS/SweetLights_YouLetMeDown_STEM_07.wav
/Users/logickino/Downloads/Medley_DB/Medley/AvaLuna_Waterduct/AvaLuna_Waterduct_STEMS/AvaLuna_Waterduct_STEM_06.wav
/Users/logickino/Downloads/Medley_DB/Medley/EthanHein_HarmonicaFigure/EthanHein_HarmonicaFigure_STEMS/EthanHein_HarmonicaFigure_STEM_04.wav
/Users/logickino/Downloads/Medley_DB/Medley/SweetLights_YouLetMeDown/SweetLights_YouLetMeDown_STEMS/SweetLights_YouLetMeDown_STEM_10.wav
/Users/logickino/Downloads/Medley_DB/Medley/CatMartino_IPromise/CatMartino_IPromise_STEMS/CatMartino_IPromise_STEM_01.wav
/Users/logickino/Downloads/Medley_DB/Medley/AimeeNorwich_Flying/AimeeNorwich_Flying_STEMS/AimeeNorwich_Flying_STEM_02.wav
/Users/logickino/Downloads/Medley_DB/Medley/DreamersOfTheGhetto_HeavyLove/DreamersOfTheGhetto_HeavyLove_STEMS/DreamersOfTheGhetto_HeavyLove_STEM_07.wav
/Users/logickino/Downloads/Medley_DB/Medley/TablaBreakbeatScience_MoodyPlucks/TablaBreakbeatScience_MoodyPlucks_STEMS/TablaBreakbeatScience_MoodyPlucks_STEM_08.wav
/Users/logickino/Downloads/Medley_DB/Medley/TablaBreakbeatScience_MiloVsMongo/TablaBreakbeatScience_MiloVsMongo_STEMS/TablaBreakbeatScience_MiloVsMongo_STEM_05.wav
/Users/logickino/Downloads/Medley_DB/Medley/CatMartino_IPromise/CatMartino_IPromise_STEMS/CatMartino_IPromise_STEM_07.wav