/Users/logickino/Downloads/Medley_DB/Medley/EthanHein_GirlOnABridge/EthanHein_GirlOnABridge_STEMS/EthanHein_GirlOnABridge_STEM_02.wav
/Users/logickino/Downloads/Medley_DB/Medley/TheKitchenettes_Alive/TheKitchenettes_Alive_STEMS/TheKitchenettes_Alive_STEM_05.wav
/Users/logickino/Downloads/Medley_DB/Medley/StevenClark_Bounty/StevenClark_Bounty_STEMS/StevenClark_Bounty_STEM_09.wav
/Users/logickino/Downloads/Medley_DB/Medley/MusicDelta_CoolJazz/MusicDelta_CoolJazz_STEMS/MusicDelta_CoolJazz_STEM_03.wav
/Users/logickino/Downloads/Medley_DB/Medley/Lushlife_ToynbeeSuite/Lushlife_ToynbeeSuite_STEMS/Lushlife_ToynbeeSuite_STEM_23.wav
/Users/logickino/Downloads/Medley_DB/Medley/MatthewEntwistle_DontYouEver/MatthewEntwistle_DontYouEver_STEMS/MatthewEntwistle_DontYouEver_STEM_02.wav
/Users/logickino/Downloads/Medley_DB/Medley/SweetLights_YouLetMeDown/SweetLights_YouLetMeDown_STEMS/SweetLights_YouLetMeDown_STEM_09.wav
/Users/logickino/Downloads/Medley_DB/Medley/MusicDelta_ModalJazz/MusicDelta_ModalJazz_STEMS/MusicDelta_ModalJazz_STEM_03.wav
/Users/logickino/Downloads/Medley_DB/Medley/AimeeNorwich_Child/AimeeNorwich_Child_STEMS/AimeeNorwich_Child_STEM_06.wav
/Users/logickino/Downloads/Medley_DB/Medley/Grants_PunchDrunk/Grants_PunchDrunk_STEMS/Grants_PunchDrunk_STEM_09.wav
/Users/logickino/Downloads/Medley_DB/Medley/SlowGhost_Peanut/SlowGhost_Peanut_STEMS/SlowGhost_Peanut_STEM_03.wav
/Users/logickino/Downloads/Medley_DB/Medley/HeladoNegro_MitadDelMundo/HeladoNegro_MitadDelMundo_STEMS/HeladoNegro_MitadDelMundo_STEM_10.wav
/Users/logickino/Downloads/Medley_DB/Medley/Snowmine_Curfews/Snowmine_Curfews_STEMS/Snowmine_Curfews_STEM_11.wav
/Users/logickino/Downloads/Medley_DB/Medley/MatthewEntwistle_TheArch/MatthewEntwistle_TheArch_STEMS/MatthewEntwistle_TheArch_STEM_18.wav
/Users/logickino/Downloads/Medley_DB/Medley/PeterMatthewBauer_YouAlwaysLookForSomeoneLost/PeterMatthewBauer_YouAlwaysLookForSomeoneLost_STEMS/PeterMatthewBauer_YouAlwaysLookForSomeoneLost_STEM_03.wav
/Users/logickino/Downloads/Medley_DB/Medley/KarimDouaidy_Yatora/KarimDouaidy_Yatora_STEMS/KarimDouaidy_Yatora_STEM_05.wav
/Users/logickino/Downloads/Medley_DB/Medley/BrandonWebster_YesSirICanFly/BrandonWebster_YesSirICanFly_STEMS/BrandonWebster_YesSirICanFly_STEM_01.wav
/Users/logickino/Downloads/Medley_DB/Medley/SlowGhost_MidnightGroove/SlowGhost_MidnightGroove_STEMS/SlowGhost_MidnightGroove_STEM_03.wav
/Users/logickino/Downloads/Medley_DB/Medley/MatthewEntwistle_TheFlaxenField/MatthewEntwistle_TheFlaxenField_STEMS/MatthewEntwistle_TheFlaxenField_STEM_03.wav
/Users/logickino/Downloads/Medley_DB/Medley/AimeeNorwich_Flying/AimeeNorwich_Flying_STEMS/AimeeNorwich_Flying_STEM_09.wav
/Users/logickino/Downloads/Medley_DB/Medley/ClaraBerryAndWooldog_Stella/ClaraBerryAndWooldog_Stella_STEMS/ClaraBerryAndWooldog_Stella_STEM_05.wav
/Users/logickino/Downloads/Medley_DB/Medley/ClaraBerryAndWooldog_WaltzForMyVictims/ClaraBerryAndWooldog_WaltzForMyVictims_STEMS/ClaraBerryAndWooldog_WaltzForMyVictims_STEM_03.wav
/Users/logickino/Downloads/Medley_DB/Medley/SecretMountains_HighHorse/SecretMountains_HighHorse_STEMS/SecretMountains_HighHorse_STEM_07.wav
/Users/logickino/Downloads/Medley_DB/Medley/SlowGhost_YoureAMystery/SlowGhost_YoureAMystery_STEMS/SlowGhost_YoureAMystery_STEM_01.wav
/Users/logickino/Downloads/Medley_DB/Medley/ClaraBerryAndWooldog_AirTraffic/ClaraBerryAndWooldog_AirTraffic_STEMS/ClaraBerryAndWooldog_AirTraffic_STEM_06.wav
/Users/logickino/Downloads/Medley_DB/Medley/MutualBenefit_NotForNothing/MutualBenefit_NotForNothing_STEMS/MutualBenefit_NotForNothing_STEM_10.wav
/Users/logickino/Downloads/Medley_DB/Medley/PortStWillow_StayEven/PortStWillow_StayEven_STEMS/PortStWillow_StayEven_STEM_09.wav
/Users/logickino/Downloads/Medley_DB/Medley/MidnightBlue_HuntingSeason/MidnightBlue_HuntingSeason_STEMS/MidnightBlue_HuntingSeason_STEM_08.wav
/Users/logickino/Downloads/Medley_DB/Medley/StrandOfOaks_Spacestation/StrandOfOaks_Spacestation_STEMS/StrandOfOaks_Spacestation_STEM_06.wav
/Users/logickino/Downloads/Medley_DB/Medley/StrandOfOaks_Spacestation/StrandOfOaks_Spacestation_STEMS/StrandOfOaks_Spacestation_STEM_08.wav
/Users/logickino/Downloads/Medley_DB/Medley/MusicDelta_SwingJazz/MusicDelta_SwingJazz_STEMS/MusicDelta_SwingJazz_STEM_03.wav
/Users/logickino/Downloads/Medley_DB/Medley/InvisibleFamiliars_DisturbingWildlife/InvisibleFamiliars_DisturbingWildlife_STEMS/InvisibleFamiliars_DisturbingWildlife_STEM_10.wav
/Users/logickino/Downloads/Medley_DB/Medley/BarefootSisters_RedJetta/BarefootSisters_RedJetta_STEMS/BarefootSisters_RedJetta_STEM_03.wav
/Users/logickino/Downloads/Medley_DB/Medley/MatthewEntwistle_AnEveningWithOliver/MatthewEntwistle_AnEveningWithOliver_STEMS/MatthewEntwistle_AnEveningWithOliver_STEM_11.wav
/Users/logickino/Downloads/Medley_DB/Medley/SlowGhost_FirstSnow/SlowGhost_FirstSnow_STEMS/SlowGhost_FirstSnow_STEM_03.wav
/Users/logickino/Downloads/Medley_DB/Medley/MusicDelta_FusionJazz/MusicDelta_FusionJazz_STEMS/MusicDelta_FusionJazz_STEM_03.wav
